Grammar

    0 $accept: S $end

    1 S: E

    2 E: E '+' E
    3  | E '*' E
    4  | E '-' E
    5  | E '/' E
    6  | '(' E ')'
    7  | '-' E
    8  | NUM


Terminals, with rules where they appear

$end (0) 0
'(' (40) 6
')' (41) 6
'*' (42) 3
'+' (43) 2
'-' (45) 4 7
'/' (47) 5
error (256)
NUM (258) 8
NEGATIVE (259)


Nonterminals, with rules where they appear

$accept (11)
    on left: 0
S (12)
    on left: 1, on right: 0
E (13)
    on left: 2 3 4 5 6 7 8, on right: 1 2 3 4 5 6 7


State 0

    0 $accept: . S $end

    NUM  shift, and go to state 1
    '-'  shift, and go to state 2
    '('  shift, and go to state 3

    S  go to state 4
    E  go to state 5


State 1

    8 E: NUM .

    $default  reduce using rule 8 (E)


State 2

    7 E: '-' . E

    NUM  shift, and go to state 1
    '-'  shift, and go to state 2
    '('  shift, and go to state 3

    E  go to state 6


State 3

    6 E: '(' . E ')'

    NUM  shift, and go to state 1
    '-'  shift, and go to state 2
    '('  shift, and go to state 3

    E  go to state 7


State 4

    0 $accept: S . $end

    $end  shift, and go to state 8


State 5

    1 S: E .
    2 E: E . '+' E
    3  | E . '*' E
    4  | E . '-' E
    5  | E . '/' E

    '+'  shift, and go to state 9
    '-'  shift, and go to state 10
    '*'  shift, and go to state 11
    '/'  shift, and go to state 12

    $default  reduce using rule 1 (S)


State 6

    2 E: E . '+' E
    3  | E . '*' E
    4  | E . '-' E
    5  | E . '/' E
    7  | '-' E .

    $default  reduce using rule 7 (E)


State 7

    2 E: E . '+' E
    3  | E . '*' E
    4  | E . '-' E
    5  | E . '/' E
    6  | '(' E . ')'

    '+'  shift, and go to state 9
    '-'  shift, and go to state 10
    '*'  shift, and go to state 11
    '/'  shift, and go to state 12
    ')'  shift, and go to state 13


State 8

    0 $accept: S $end .

    $default  accept


State 9

    2 E: E '+' . E

    NUM  shift, and go to state 1
    '-'  shift, and go to state 2
    '('  shift, and go to state 3

    E  go to state 14


State 10

    4 E: E '-' . E

    NUM  shift, and go to state 1
    '-'  shift, and go to state 2
    '('  shift, and go to state 3

    E  go to state 15


State 11

    3 E: E '*' . E

    NUM  shift, and go to state 1
    '-'  shift, and go to state 2
    '('  shift, and go to state 3

    E  go to state 16


State 12

    5 E: E '/' . E

    NUM  shift, and go to state 1
    '-'  shift, and go to state 2
    '('  shift, and go to state 3

    E  go to state 17


State 13

    6 E: '(' E ')' .

    $default  reduce using rule 6 (E)


State 14

    2 E: E . '+' E
    2  | E '+' E .
    3  | E . '*' E
    4  | E . '-' E
    5  | E . '/' E

    '*'  shift, and go to state 11
    '/'  shift, and go to state 12

    $default  reduce using rule 2 (E)


State 15

    2 E: E . '+' E
    3  | E . '*' E
    4  | E . '-' E
    4  | E '-' E .
    5  | E . '/' E

    '*'  shift, and go to state 11
    '/'  shift, and go to state 12

    $default  reduce using rule 4 (E)


State 16

    2 E: E . '+' E
    3  | E . '*' E
    3  | E '*' E .
    4  | E . '-' E
    5  | E . '/' E

    $default  reduce using rule 3 (E)


State 17

    2 E: E . '+' E
    3  | E . '*' E
    4  | E . '-' E
    5  | E . '/' E
    5  | E '/' E .

    $default  reduce using rule 5 (E)
